  源.cpp
D:\c++\3-1-2\3-1-2\源.cpp(7,13): warning C4326: “main”的返回类型应为“int”而非“void”
D:\c++\3-1-2\3-1-2\源.cpp(12,21): warning C4838: 从“int”转换到“char”需要收缩转换
D:\c++\3-1-2\3-1-2\源.cpp(12,95): warning C4305: “初始化”: 从“int”到“char”截断
D:\c++\3-1-2\3-1-2\源.cpp(12,21): warning C4309: “初始化”: 截断常量值
D:\c++\3-1-2\3-1-2\源.cpp(12,27): warning C4838: 从“int”转换到“char”需要收缩转换
D:\c++\3-1-2\3-1-2\源.cpp(12,27): warning C4309: “初始化”: 截断常量值
D:\c++\3-1-2\3-1-2\源.cpp(12,33): warning C4838: 从“int”转换到“char”需要收缩转换
D:\c++\3-1-2\3-1-2\源.cpp(12,33): warning C4309: “初始化”: 截断常量值
D:\c++\3-1-2\3-1-2\源.cpp(12,39): warning C4838: 从“int”转换到“char”需要收缩转换
D:\c++\3-1-2\3-1-2\源.cpp(12,39): warning C4309: “初始化”: 截断常量值
D:\c++\3-1-2\3-1-2\源.cpp(12,45): warning C4838: 从“int”转换到“char”需要收缩转换
D:\c++\3-1-2\3-1-2\源.cpp(12,45): warning C4309: “初始化”: 截断常量值
D:\c++\3-1-2\3-1-2\源.cpp(12,51): warning C4838: 从“int”转换到“char”需要收缩转换
D:\c++\3-1-2\3-1-2\源.cpp(12,51): warning C4309: “初始化”: 截断常量值
D:\c++\3-1-2\3-1-2\源.cpp(12,58): warning C4838: 从“int”转换到“char”需要收缩转换
D:\c++\3-1-2\3-1-2\源.cpp(12,58): warning C4309: “初始化”: 截断常量值
D:\c++\3-1-2\3-1-2\源.cpp(12,65): warning C4838: 从“int”转换到“char”需要收缩转换
D:\c++\3-1-2\3-1-2\源.cpp(12,65): warning C4309: “初始化”: 截断常量值
D:\c++\3-1-2\3-1-2\源.cpp(12,71): warning C4838: 从“int”转换到“char”需要收缩转换
D:\c++\3-1-2\3-1-2\源.cpp(12,71): warning C4309: “初始化”: 截断常量值
D:\c++\3-1-2\3-1-2\源.cpp(12,78): warning C4838: 从“int”转换到“char”需要收缩转换
D:\c++\3-1-2\3-1-2\源.cpp(12,78): warning C4309: “初始化”: 截断常量值
D:\c++\3-1-2\3-1-2\源.cpp(12,84): warning C4838: 从“int”转换到“char”需要收缩转换
D:\c++\3-1-2\3-1-2\源.cpp(12,84): warning C4309: “初始化”: 截断常量值
D:\c++\3-1-2\3-1-2\源.cpp(12,90): warning C4838: 从“int”转换到“char”需要收缩转换
D:\c++\3-1-2\3-1-2\源.cpp(12,90): warning C4309: “初始化”: 截断常量值
D:\c++\3-1-2\3-1-2\源.cpp(8,32): warning C4101: “June”: 未引用的局部变量
D:\c++\3-1-2\3-1-2\源.cpp(8,63): warning C4101: “Dec”: 未引用的局部变量
D:\c++\3-1-2\3-1-2\源.cpp(8,17): warning C4101: “Mar”: 未引用的局部变量
D:\c++\3-1-2\3-1-2\源.cpp(8,27): warning C4101: “May”: 未引用的局部变量
D:\c++\3-1-2\3-1-2\源.cpp(8,22): warning C4101: “Apr”: 未引用的局部变量
D:\c++\3-1-2\3-1-2\源.cpp(8,58): warning C4101: “Nov”: 未引用的局部变量
D:\c++\3-1-2\3-1-2\源.cpp(8,38): warning C4101: “July”: 未引用的局部变量
D:\c++\3-1-2\3-1-2\源.cpp(8,53): warning C4101: “Oct”: 未引用的局部变量
D:\c++\3-1-2\3-1-2\源.cpp(8,44): warning C4101: “Aug”: 未引用的局部变量
D:\c++\3-1-2\3-1-2\源.cpp(8,48): warning C4101: “Sep”: 未引用的局部变量
  3-1-2.vcxproj -> D:\c++\3-1-2\x64\Debug\3-1-2.exe
